<?xml version="1.0" encoding="UTF-8"?>
<!-- Generated by org.testng.reporters.JUnitReportReporter -->
<testsuite hostname="Nishikantk2000" failures="0" tests="5" name="secoundways.Searchtest" time="246.347" errors="0" timestamp="2024-08-12T09:31:37 IST" skipped="0">
  <testcase classname="secoundways.Searchtest" name="searchExistingProduct" time="54.737"/>
  <testcase classname="secoundways.Searchtest" name="searchNonExistingProduct" time="35.501"/>
  <testcase classname="secoundways.Searchtest" name="removeProductFromCart" time="48.762"/>
  <testcase classname="secoundways.Searchtest" name="updateQuantityInCart" time="47.583"/>
  <testcase classname="secoundways.Searchtest" name="addProductToCart" time="59.764"/>
</testsuite> <!-- secoundways.Searchtest -->
